11.03.21 00:31:24 : <Robot_1_SC> Deliver PO: 0234567 (I1234567) by Area:1 to Area: 2
11.03.21 00:32:04 : <Robot_1_SC>  PO received
11.03.21 00:32:07 : <Robot1_xyz> Files delivered successfully.
11.03.21 00:32:07 : <Robot1_xyz> Files delivered successfully.
11.03.21 00:32:02 : <Robot_1_Slave> Robot has been started
11.03.21 00:32:01 : <Robot_1_ItemFTP> Params deployed to Robot
11.03.21 00:32:01 : <Robot_1_Master> Robot has been started
11.03.21 00:32:01 : <Robot_1_SC> Deliver PO: 1212201 (I2345672) by Area:10 to Area: 1
11.03.21 00:32:53 : <Robot_1_SC>  PO received
11.03.21 00:33:00 : <Robot_1_Slave> RFID Check:<Kl> Catcher <1610> Loc:<B>
11.03.21 00:33:06 : <Robot_1_Slave> RFID Check:<Kl> Catcher <1610> Loc:<A>
11.03.21 00:33:01 : <Robot_1_Master> RFID Check:<Kl> Catcher <1610> Loc:<A>
11.03.21 00:33:15 : <Robot_1_Master> RFID Check:<Kl> Catcher <1610> Loc:<B>
11.03.21 00:33:23 : <Robot_1_Slave> RFID Check:<Dist> Catcher <4> Loc:<C>
11.03.21 00:33:22 : <Robot_1_Slave> RFID Check:<Dist> Catcher <4> Loc:<A>
11.03.21 00:33:33 : <Robot_1_Master> RFID Check:<Dist> Catcher <4> Loc:<A>
11.03.21 00:33:34 : <Robot_1_Slave> RFID Check:<Dist> Catcher <4> Loc:<B>
11.03.21 00:33:31 : <Robot_1_Master> RFID Check:<Dist> Catcher <4> Loc:<C>
11.03.21 00:33:31 : <Robot_1_Slave> RFID Check:<Dist> Catcher <4> Loc:<D>
11.03.21 00:33:44 : <Robot_1_Master> RFID Check:<Dist> Catcher <4> Loc:<D>
11.03.21 00:33:41 : <Robot_1_Master> RFID Check:<Dist> Catcher <4> Loc:<B>
11.03.21 00:33:52 : <Robot_1_Master> <StartProd> Requirement set
11.03.21 02:22:24 : <Robot_1_SC> Deliver PO: 1212201 (I2345672) by Area:1 to Area: 10
11.03.21 02:23:02 : <Robot_1_SC>  PO received
11.03.21 02:23:12 : <Robot1_xyz> Files delivered successfully.
11.03.21 02:23:12 : <Robot1_xyz> Files delivered successfully.
11.03.21 02:23:13 : <Robot_1_Slave> Robot has been started
11.03.21 02:23:14 : <Robot_1_ItemFTP> Params deployed to Robot
11.03.21 02:23:14 : <Robot_1_Master> Robot has been started
11.03.21 02:23:14 : <Robot_1_SC> Deliver PO: 7654322 (I2345672) by Area:11 to Area: 1
11.03.21 02:24:01 : <Robot_1_SC>  PO received
11.03.21 02:24:05 : <Robot_1_Slave> RFID Check:<Kl> Catcher <1610> Loc:<B>
11.03.21 02:24:11 : <Robot_1_Slave> RFID Check:<Kl> Catcher <1610> Loc:<A>
11.03.21 02:24:12 : <Robot_1_Master> RFID Check:<Kl> Catcher <1610> Loc:<A>
11.03.21 02:24:11 : <Robot_1_Master> RFID Check:<Kl> Catcher <1610> Loc:<B>
11.03.21 02:24:22 : <Robot_1_Slave> RFID Check:<Dist> Catcher <4> Loc:<C>
11.03.21 02:24:33 : <Robot_1_Slave> RFID Check:<Dist> Catcher <4> Loc:<A>
11.03.21 02:24:37 : <Robot_1_Master> RFID Check:<Dist> Catcher <4> Loc:<A>
11.03.21 02:24:31 : <Robot_1_Slave> RFID Check:<Dist> Catcher <4> Loc:<B>
11.03.21 02:24:43 : <Robot_1_Master> RFID Check:<Dist> Catcher <4> Loc:<C>
11.03.21 02:24:44 : <Robot_1_Slave> RFID Check:<Dist> Catcher <4> Loc:<D>
11.03.21 02:24:41 : <Robot_1_Master> RFID Check:<Dist> Catcher <4> Loc:<D>
11.03.21 02:24:54 : <Robot_1_Master> RFID Check:<Dist> Catcher <4> Loc:<B>
11.03.21 02:24:57 : <Robot_1_Master> <StartProd> Requirement set
11.03.21 04:14:01 : <Robot_1_SC> Deliver PO: 1212216 (I2345672) by Area:1 to Area: 11
11.03.21 04:14:53 : <Robot_1_SC>  PO received
11.03.21 04:14:56 : <Robot1_xyz> Files delivered successfully.
11.03.21 04:14:56 : <Robot1_xyz> Files delivered successfully.
11.03.21 05:45:35 : <Robot_1_SC> Timeout
11.03.21 06:43:00 : <Robot_1_Master> Door open.
11.03.21 07:50:01 : <Area_Robot_1> User HansKrautMann logged.
11.03.21 07:50:07 : <Robot_1_Master> Safety Off
11.03.21 07:57:25 : <Robot_1_Master> Robot has been started
11.03.21 07:57:21 : <Robot_1_Slave> Robot has been started
11.03.21 07:57:42 : <Robot_1_LoadRezeptData> New Scan
11.03.21 07:52:01 : <Robot_1_LoadRezeptData> Receiver confirmed.
11.03.21 07:52:01 : <Robot_1_LoadRezeptData> Cancel.
11.03.21 07:52:40 : <Robot_1_LoadRezeptData> Cancel confirmed.
11.03.21 07:52:40 : <Robot_1_SC> Deliver PO: 1233211 (I2345672) by Area:1 to Area: 0
11.03.21 07:51:07 : <Robot_1_SC>  PO received
11.03.21 07:51:25 : <Robot_1_LoadRezeptData> Receiver confirmed
11.03.21 07:51:41 : <Robot_1_LoadRezeptData> New Scan
11.03.21 07:51:53 : <Robot_1_LoadRezeptData> User okay confirmed received.
11.03.21 07:51:53 : <Robot_1_LoadRezeptData> Start expiring.
11.03.21 02:00:03 : <Robot_1_LoadRezeptData> Expiration confirmed.
11.03.21 02:00:03 : <Robot_1_SC> Deliver PO: 1212121 (I2345672) by Area:2 to Area: 0
